2025-09-18 00:01:58,273 WARNING [root] [DUCK MERGE][raw] 源目录不存在，跳过
2025-09-18 00:02:01,565 INFO [root] [DUCK MERGE][qfq] 已最新，跳过
2025-09-18 00:02:01,565 INFO [root] [DUCK MERGE][qfq] 已最新，跳过
2025-09-18 00:02:01,565 INFO [root] [DUCK MERGE][qfq] 已最新，跳过
2025-09-18 00:02:01,654 WARNING [root] [DUCK MERGE][hfq] 源目录不存在，跳过
2025-09-18 00:02:01,654 WARNING [root] [DUCK MERGE][hfq] 源目录不存在，跳过
2025-09-18 00:02:01,654 WARNING [root] [DUCK MERGE][hfq] 源目录不存在，跳过
2025-09-18 00:02:01,663 INFO [root] [stock][FAST] 准备并发拉取 股票数=5429 区间=20220101~20250918 起点=20250917
2025-09-18 00:02:01,663 INFO [root] [stock][FAST] 准备并发拉取 股票数=5429 区间=20220101~20250918 起点=20250917
2025-09-18 00:02:01,663 INFO [root] [stock][FAST] 准备并发拉取 股票数=5429 区间=20220101~20250918 起点=20250917
2025-09-18 00:13:09,133 INFO [root] [stock][FAST] 完成 ok=5421 empty=8 err=0 区间=20220101~20250918 起点=20250917
2025-09-18 00:13:09,133 INFO [root] [stock][FAST] 完成 ok=5421 empty=8 err=0 区间=20220101~20250918 起点=20250917
2025-09-18 00:13:09,133 INFO [root] [stock][FAST] 完成 ok=5421 empty=8 err=0 区间=20220101~20250918 起点=20250917
2025-09-18 00:13:09,332 INFO [root] [index][FAST] 完成 ok=7 empty=0 err=0 区间=20220101~20250918 起点=20250917
2025-09-18 00:13:09,332 INFO [root] [index][FAST] 完成 ok=7 empty=0 err=0 区间=20220101~20250918 起点=20250917
2025-09-18 00:13:09,332 INFO [root] [index][FAST] 完成 ok=7 empty=0 err=0 区间=20220101~20250918 起点=20250917
2025-09-18 00:13:12,429 INFO [root] [INC_IND] 需要补的股票数=5421 (last_ind_date=20250916)
2025-09-18 00:13:12,429 INFO [root] [INC_IND] 需要补的股票数=5421 (last_ind_date=20250916)
2025-09-18 00:13:12,429 INFO [root] [INC_IND] 需要补的股票数=5421 (last_ind_date=20250916)
2025-09-18 00:13:25,677 INFO [root] [INC_IND][MEM] 使用线程数：32
2025-09-18 00:13:25,677 INFO [root] [INC_IND][MEM] 使用线程数：32
2025-09-18 00:13:25,677 INFO [root] [INC_IND][MEM] 使用线程数：32
2025-09-18 00:24:24,288 INFO [root] [INC_IND][MEM] 单股写入完成：OK=5421 FAIL=0
2025-09-18 00:24:24,288 INFO [root] [INC_IND][MEM] 单股写入完成：OK=5421 FAIL=0
2025-09-18 00:24:24,288 INFO [root] [INC_IND][MEM] 单股写入完成：OK=5421 FAIL=0
2025-09-18 00:24:28,880 INFO [root] [DUCK MERGE IND][subset] 完成，新增日期数=1 涉及股票数=5421
2025-09-18 00:24:28,880 INFO [root] [DUCK MERGE IND][subset] 完成，新增日期数=1 涉及股票数=5421
2025-09-18 00:24:28,880 INFO [root] [DUCK MERGE IND][subset] 完成，新增日期数=1 涉及股票数=5421
